Start testing: Nov 08 09:00 MST
----------------------------------------------------------
1/23 Testing: test1
1/23 Test: test1
Command: "/mnt/c/Users/C24Ameen.Khan/Documents/school/Sophomore Year/Fall21/CS210/final_project/json-c/tests/test1.test"
Directory: /mnt/c/Users/C24Ameen.Khan/Documents/school/Sophomore Year/Fall21/CS210/final_project/json-c-build/tests
"test1" start time: Nov 08 09:00 MST
Output:
----------------------------------------------------------
/mnt/c/Users/C24Ameen.Khan/Documents/school/Sophomore Year/Fall21/CS210/final_project/json-c/tests/test1.test: 13: test: /mnt/c/Users/C24Ameen.Khan/Documents/school/Sophomore: unexpected operator
<end of output>
Test time =  10.15 sec
----------------------------------------------------------
Test Passed.
"test1" end time: Nov 08 09:00 MST
"test1" time elapsed: 00:00:10
----------------------------------------------------------

2/23 Testing: test2
2/23 Test: test2
Command: "/mnt/c/Users/C24Ameen.Khan/Documents/school/Sophomore Year/Fall21/CS210/final_project/json-c/tests/test2.test"
Directory: /mnt/c/Users/C24Ameen.Khan/Documents/school/Sophomore Year/Fall21/CS210/final_project/json-c-build/tests
"test2" start time: Nov 08 09:00 MST
Output:
----------------------------------------------------------
/mnt/c/Users/C24Ameen.Khan/Documents/school/Sophomore Year/Fall21/CS210/final_project/json-c/tests/test2.test: 13: test: /mnt/c/Users/C24Ameen.Khan/Documents/school/Sophomore: unexpected operator
<end of output>
Test time =   9.82 sec
----------------------------------------------------------
Test Passed.
"test2" end time: Nov 08 09:00 MST
"test2" time elapsed: 00:00:09
----------------------------------------------------------

3/23 Testing: test4
3/23 Test: test4
Command: "/mnt/c/Users/C24Ameen.Khan/Documents/school/Sophomore Year/Fall21/CS210/final_project/json-c/tests/test4.test"
Directory: /mnt/c/Users/C24Ameen.Khan/Documents/school/Sophomore Year/Fall21/CS210/final_project/json-c-build/tests
"test4" start time: Nov 08 09:00 MST
Output:
----------------------------------------------------------
/mnt/c/Users/C24Ameen.Khan/Documents/school/Sophomore Year/Fall21/CS210/final_project/json-c/tests/test4.test: 13: test: /mnt/c/Users/C24Ameen.Khan/Documents/school/Sophomore: unexpected operator
<end of output>
Test time =   1.79 sec
----------------------------------------------------------
Test Passed.
"test4" end time: Nov 08 09:00 MST
"test4" time elapsed: 00:00:01
----------------------------------------------------------

4/23 Testing: testReplaceExisting
4/23 Test: testReplaceExisting
Command: "/mnt/c/Users/C24Ameen.Khan/Documents/school/Sophomore Year/Fall21/CS210/final_project/json-c/tests/testReplaceExisting.test"
Directory: /mnt/c/Users/C24Ameen.Khan/Documents/school/Sophomore Year/Fall21/CS210/final_project/json-c-build/tests
"testReplaceExisting" start time: Nov 08 09:00 MST
Output:
----------------------------------------------------------
/mnt/c/Users/C24Ameen.Khan/Documents/school/Sophomore Year/Fall21/CS210/final_project/json-c/tests/testReplaceExisting.test: 13: test: /mnt/c/Users/C24Ameen.Khan/Documents/school/Sophomore: unexpected operator
<end of output>
Test time =   1.71 sec
----------------------------------------------------------
Test Passed.
"testReplaceExisting" end time: Nov 08 09:00 MST
"testReplaceExisting" time elapsed: 00:00:01
----------------------------------------------------------

5/23 Testing: test_cast
5/23 Test: test_cast
Command: "/mnt/c/Users/C24Ameen.Khan/Documents/school/Sophomore Year/Fall21/CS210/final_project/json-c/tests/test_cast.test"
Directory: /mnt/c/Users/C24Ameen.Khan/Documents/school/Sophomore Year/Fall21/CS210/final_project/json-c-build/tests
"test_cast" start time: Nov 08 09:00 MST
Output:
----------------------------------------------------------
/mnt/c/Users/C24Ameen.Khan/Documents/school/Sophomore Year/Fall21/CS210/final_project/json-c/tests/test_cast.test: 13: test: /mnt/c/Users/C24Ameen.Khan/Documents/school/Sophomore: unexpected operator
<end of output>
Test time =   1.94 sec
----------------------------------------------------------
Test Passed.
"test_cast" end time: Nov 08 09:01 MST
"test_cast" time elapsed: 00:00:01
----------------------------------------------------------

6/23 Testing: test_charcase
6/23 Test: test_charcase
Command: "/mnt/c/Users/C24Ameen.Khan/Documents/school/Sophomore Year/Fall21/CS210/final_project/json-c/tests/test_charcase.test"
Directory: /mnt/c/Users/C24Ameen.Khan/Documents/school/Sophomore Year/Fall21/CS210/final_project/json-c-build/tests
"test_charcase" start time: Nov 08 09:01 MST
Output:
----------------------------------------------------------
/mnt/c/Users/C24Ameen.Khan/Documents/school/Sophomore Year/Fall21/CS210/final_project/json-c/tests/test_charcase.test: 13: test: /mnt/c/Users/C24Ameen.Khan/Documents/school/Sophomore: unexpected operator
<end of output>
Test time =   1.67 sec
----------------------------------------------------------
Test Passed.
"test_charcase" end time: Nov 08 09:01 MST
"test_charcase" time elapsed: 00:00:01
----------------------------------------------------------

7/23 Testing: test_compare
7/23 Test: test_compare
Command: "/mnt/c/Users/C24Ameen.Khan/Documents/school/Sophomore Year/Fall21/CS210/final_project/json-c/tests/test_compare.test"
Directory: /mnt/c/Users/C24Ameen.Khan/Documents/school/Sophomore Year/Fall21/CS210/final_project/json-c-build/tests
"test_compare" start time: Nov 08 09:01 MST
Output:
----------------------------------------------------------
/mnt/c/Users/C24Ameen.Khan/Documents/school/Sophomore Year/Fall21/CS210/final_project/json-c/tests/test_compare.test: 13: test: /mnt/c/Users/C24Ameen.Khan/Documents/school/Sophomore: unexpected operator
<end of output>
Test time =   1.74 sec
----------------------------------------------------------
Test Passed.
"test_compare" end time: Nov 08 09:01 MST
"test_compare" time elapsed: 00:00:01
----------------------------------------------------------

8/23 Testing: test_deep_copy
8/23 Test: test_deep_copy
Command: "/mnt/c/Users/C24Ameen.Khan/Documents/school/Sophomore Year/Fall21/CS210/final_project/json-c/tests/test_deep_copy.test"
Directory: /mnt/c/Users/C24Ameen.Khan/Documents/school/Sophomore Year/Fall21/CS210/final_project/json-c-build/tests
"test_deep_copy" start time: Nov 08 09:01 MST
Output:
----------------------------------------------------------
/mnt/c/Users/C24Ameen.Khan/Documents/school/Sophomore Year/Fall21/CS210/final_project/json-c/tests/test_deep_copy.test: 13: test: /mnt/c/Users/C24Ameen.Khan/Documents/school/Sophomore: unexpected operator
<end of output>
Test time =   1.97 sec
----------------------------------------------------------
Test Passed.
"test_deep_copy" end time: Nov 08 09:01 MST
"test_deep_copy" time elapsed: 00:00:01
----------------------------------------------------------

9/23 Testing: test_double_serializer
9/23 Test: test_double_serializer
Command: "/mnt/c/Users/C24Ameen.Khan/Documents/school/Sophomore Year/Fall21/CS210/final_project/json-c/tests/test_double_serializer.test"
Directory: /mnt/c/Users/C24Ameen.Khan/Documents/school/Sophomore Year/Fall21/CS210/final_project/json-c-build/tests
"test_double_serializer" start time: Nov 08 09:01 MST
Output:
----------------------------------------------------------
/mnt/c/Users/C24Ameen.Khan/Documents/school/Sophomore Year/Fall21/CS210/final_project/json-c/tests/test_double_serializer.test: 13: test: /mnt/c/Users/C24Ameen.Khan/Documents/school/Sophomore: unexpected operator
<end of output>
Test time =   1.77 sec
----------------------------------------------------------
Test Passed.
"test_double_serializer" end time: Nov 08 09:01 MST
"test_double_serializer" time elapsed: 00:00:01
----------------------------------------------------------

10/23 Testing: test_float
10/23 Test: test_float
Command: "/mnt/c/Users/C24Ameen.Khan/Documents/school/Sophomore Year/Fall21/CS210/final_project/json-c/tests/test_float.test"
Directory: /mnt/c/Users/C24Ameen.Khan/Documents/school/Sophomore Year/Fall21/CS210/final_project/json-c-build/tests
"test_float" start time: Nov 08 09:01 MST
Output:
----------------------------------------------------------
/mnt/c/Users/C24Ameen.Khan/Documents/school/Sophomore Year/Fall21/CS210/final_project/json-c/tests/test_float.test: 13: test: /mnt/c/Users/C24Ameen.Khan/Documents/school/Sophomore: unexpected operator
<end of output>
Test time =   1.74 sec
----------------------------------------------------------
Test Passed.
"test_float" end time: Nov 08 09:01 MST
"test_float" time elapsed: 00:00:01
----------------------------------------------------------

11/23 Testing: test_int_add
11/23 Test: test_int_add
Command: "/mnt/c/Users/C24Ameen.Khan/Documents/school/Sophomore Year/Fall21/CS210/final_project/json-c/tests/test_int_add.test"
Directory: /mnt/c/Users/C24Ameen.Khan/Documents/school/Sophomore Year/Fall21/CS210/final_project/json-c-build/tests
"test_int_add" start time: Nov 08 09:01 MST
Output:
----------------------------------------------------------
/mnt/c/Users/C24Ameen.Khan/Documents/school/Sophomore Year/Fall21/CS210/final_project/json-c/tests/test_int_add.test: 13: test: /mnt/c/Users/C24Ameen.Khan/Documents/school/Sophomore: unexpected operator
<end of output>
Test time =   1.69 sec
----------------------------------------------------------
Test Passed.
"test_int_add" end time: Nov 08 09:01 MST
"test_int_add" time elapsed: 00:00:01
----------------------------------------------------------

12/23 Testing: test_locale
12/23 Test: test_locale
Command: "/mnt/c/Users/C24Ameen.Khan/Documents/school/Sophomore Year/Fall21/CS210/final_project/json-c/tests/test_locale.test"
Directory: /mnt/c/Users/C24Ameen.Khan/Documents/school/Sophomore Year/Fall21/CS210/final_project/json-c-build/tests
"test_locale" start time: Nov 08 09:01 MST
Output:
----------------------------------------------------------
/mnt/c/Users/C24Ameen.Khan/Documents/school/Sophomore Year/Fall21/CS210/final_project/json-c/tests/test_locale.test: 13: test: /mnt/c/Users/C24Ameen.Khan/Documents/school/Sophomore: unexpected operator
<end of output>
Test time =   1.90 sec
----------------------------------------------------------
Test Passed.
"test_locale" end time: Nov 08 09:01 MST
"test_locale" time elapsed: 00:00:01
----------------------------------------------------------

13/23 Testing: test_null
13/23 Test: test_null
Command: "/mnt/c/Users/C24Ameen.Khan/Documents/school/Sophomore Year/Fall21/CS210/final_project/json-c/tests/test_null.test"
Directory: /mnt/c/Users/C24Ameen.Khan/Documents/school/Sophomore Year/Fall21/CS210/final_project/json-c-build/tests
"test_null" start time: Nov 08 09:01 MST
Output:
----------------------------------------------------------
/mnt/c/Users/C24Ameen.Khan/Documents/school/Sophomore Year/Fall21/CS210/final_project/json-c/tests/test_null.test: 13: test: /mnt/c/Users/C24Ameen.Khan/Documents/school/Sophomore: unexpected operator
<end of output>
Test time =   1.75 sec
----------------------------------------------------------
Test Passed.
"test_null" end time: Nov 08 09:01 MST
"test_null" time elapsed: 00:00:01
----------------------------------------------------------

14/23 Testing: test_parse
14/23 Test: test_parse
Command: "/mnt/c/Users/C24Ameen.Khan/Documents/school/Sophomore Year/Fall21/CS210/final_project/json-c/tests/test_parse.test"
Directory: /mnt/c/Users/C24Ameen.Khan/Documents/school/Sophomore Year/Fall21/CS210/final_project/json-c-build/tests
"test_parse" start time: Nov 08 09:01 MST
Output:
----------------------------------------------------------
/mnt/c/Users/C24Ameen.Khan/Documents/school/Sophomore Year/Fall21/CS210/final_project/json-c/tests/test_parse.test: 13: test: /mnt/c/Users/C24Ameen.Khan/Documents/school/Sophomore: unexpected operator
<end of output>
Test time =   2.08 sec
----------------------------------------------------------
Test Passed.
"test_parse" end time: Nov 08 09:01 MST
"test_parse" time elapsed: 00:00:02
----------------------------------------------------------

15/23 Testing: test_parse_int64
15/23 Test: test_parse_int64
Command: "/mnt/c/Users/C24Ameen.Khan/Documents/school/Sophomore Year/Fall21/CS210/final_project/json-c/tests/test_parse_int64.test"
Directory: /mnt/c/Users/C24Ameen.Khan/Documents/school/Sophomore Year/Fall21/CS210/final_project/json-c-build/tests
"test_parse_int64" start time: Nov 08 09:01 MST
Output:
----------------------------------------------------------
/mnt/c/Users/C24Ameen.Khan/Documents/school/Sophomore Year/Fall21/CS210/final_project/json-c/tests/test_parse_int64.test: 13: test: /mnt/c/Users/C24Ameen.Khan/Documents/school/Sophomore: unexpected operator
<end of output>
Test time =   1.78 sec
----------------------------------------------------------
Test Passed.
"test_parse_int64" end time: Nov 08 09:01 MST
"test_parse_int64" time elapsed: 00:00:01
----------------------------------------------------------

16/23 Testing: test_printbuf
16/23 Test: test_printbuf
Command: "/mnt/c/Users/C24Ameen.Khan/Documents/school/Sophomore Year/Fall21/CS210/final_project/json-c/tests/test_printbuf.test"
Directory: /mnt/c/Users/C24Ameen.Khan/Documents/school/Sophomore Year/Fall21/CS210/final_project/json-c-build/tests
"test_printbuf" start time: Nov 08 09:01 MST
Output:
----------------------------------------------------------
/mnt/c/Users/C24Ameen.Khan/Documents/school/Sophomore Year/Fall21/CS210/final_project/json-c/tests/test_printbuf.test: 13: test: /mnt/c/Users/C24Ameen.Khan/Documents/school/Sophomore: unexpected operator
<end of output>
Test time =   1.74 sec
----------------------------------------------------------
Test Passed.
"test_printbuf" end time: Nov 08 09:01 MST
"test_printbuf" time elapsed: 00:00:01
----------------------------------------------------------

17/23 Testing: test_set_serializer
17/23 Test: test_set_serializer
Command: "/mnt/c/Users/C24Ameen.Khan/Documents/school/Sophomore Year/Fall21/CS210/final_project/json-c/tests/test_set_serializer.test"
Directory: /mnt/c/Users/C24Ameen.Khan/Documents/school/Sophomore Year/Fall21/CS210/final_project/json-c-build/tests
"test_set_serializer" start time: Nov 08 09:01 MST
Output:
----------------------------------------------------------
/mnt/c/Users/C24Ameen.Khan/Documents/school/Sophomore Year/Fall21/CS210/final_project/json-c/tests/test_set_serializer.test: 13: test: /mnt/c/Users/C24Ameen.Khan/Documents/school/Sophomore: unexpected operator
<end of output>
Test time =   1.77 sec
----------------------------------------------------------
Test Passed.
"test_set_serializer" end time: Nov 08 09:01 MST
"test_set_serializer" time elapsed: 00:00:01
----------------------------------------------------------

18/23 Testing: test_set_value
18/23 Test: test_set_value
Command: "/mnt/c/Users/C24Ameen.Khan/Documents/school/Sophomore Year/Fall21/CS210/final_project/json-c/tests/test_set_value.test"
Directory: /mnt/c/Users/C24Ameen.Khan/Documents/school/Sophomore Year/Fall21/CS210/final_project/json-c-build/tests
"test_set_value" start time: Nov 08 09:01 MST
Output:
----------------------------------------------------------
/mnt/c/Users/C24Ameen.Khan/Documents/school/Sophomore Year/Fall21/CS210/final_project/json-c/tests/test_set_value.test: 13: test: /mnt/c/Users/C24Ameen.Khan/Documents/school/Sophomore: unexpected operator
12.300000000000001
<end of output>
Test time =   1.87 sec
----------------------------------------------------------
Test Passed.
"test_set_value" end time: Nov 08 09:01 MST
"test_set_value" time elapsed: 00:00:01
----------------------------------------------------------

19/23 Testing: test_strerror
19/23 Test: test_strerror
Command: "/mnt/c/Users/C24Ameen.Khan/Documents/school/Sophomore Year/Fall21/CS210/final_project/json-c/tests/test_strerror.test"
Directory: /mnt/c/Users/C24Ameen.Khan/Documents/school/Sophomore Year/Fall21/CS210/final_project/json-c-build/tests
"test_strerror" start time: Nov 08 09:01 MST
Output:
----------------------------------------------------------
/mnt/c/Users/C24Ameen.Khan/Documents/school/Sophomore Year/Fall21/CS210/final_project/json-c/tests/test_strerror.test: 13: test: /mnt/c/Users/C24Ameen.Khan/Documents/school/Sophomore: unexpected operator
<end of output>
Test time =   1.64 sec
----------------------------------------------------------
Test Passed.
"test_strerror" end time: Nov 08 09:01 MST
"test_strerror" time elapsed: 00:00:01
----------------------------------------------------------

20/23 Testing: test_util_file
20/23 Test: test_util_file
Command: "/mnt/c/Users/C24Ameen.Khan/Documents/school/Sophomore Year/Fall21/CS210/final_project/json-c/tests/test_util_file.test"
Directory: /mnt/c/Users/C24Ameen.Khan/Documents/school/Sophomore Year/Fall21/CS210/final_project/json-c-build/tests
"test_util_file" start time: Nov 08 09:01 MST
Output:
----------------------------------------------------------
/mnt/c/Users/C24Ameen.Khan/Documents/school/Sophomore Year/Fall21/CS210/final_project/json-c/tests/test_util_file.test: 13: test: /mnt/c/Users/C24Ameen.Khan/Documents/school/Sophomore: unexpected operator
<end of output>
Test time =   1.86 sec
----------------------------------------------------------
Test Passed.
"test_util_file" end time: Nov 08 09:01 MST
"test_util_file" time elapsed: 00:00:01
----------------------------------------------------------

21/23 Testing: test_visit
21/23 Test: test_visit
Command: "/mnt/c/Users/C24Ameen.Khan/Documents/school/Sophomore Year/Fall21/CS210/final_project/json-c/tests/test_visit.test"
Directory: /mnt/c/Users/C24Ameen.Khan/Documents/school/Sophomore Year/Fall21/CS210/final_project/json-c-build/tests
"test_visit" start time: Nov 08 09:01 MST
Output:
----------------------------------------------------------
/mnt/c/Users/C24Ameen.Khan/Documents/school/Sophomore Year/Fall21/CS210/final_project/json-c/tests/test_visit.test: 13: test: /mnt/c/Users/C24Ameen.Khan/Documents/school/Sophomore: unexpected operator
ERROR: invalid return value from json_c_visit userfunc: 100
<end of output>
Test time =   1.89 sec
----------------------------------------------------------
Test Passed.
"test_visit" end time: Nov 08 09:01 MST
"test_visit" time elapsed: 00:00:01
----------------------------------------------------------

22/23 Testing: test_object_iterator
22/23 Test: test_object_iterator
Command: "/mnt/c/Users/C24Ameen.Khan/Documents/school/Sophomore Year/Fall21/CS210/final_project/json-c/tests/test_object_iterator.test"
Directory: /mnt/c/Users/C24Ameen.Khan/Documents/school/Sophomore Year/Fall21/CS210/final_project/json-c-build/tests
"test_object_iterator" start time: Nov 08 09:01 MST
Output:
----------------------------------------------------------
/mnt/c/Users/C24Ameen.Khan/Documents/school/Sophomore Year/Fall21/CS210/final_project/json-c/tests/test_object_iterator.test: 13: test: /mnt/c/Users/C24Ameen.Khan/Documents/school/Sophomore: unexpected operator
<end of output>
Test time =   1.84 sec
----------------------------------------------------------
Test Passed.
"test_object_iterator" end time: Nov 08 09:01 MST
"test_object_iterator" time elapsed: 00:00:01
----------------------------------------------------------

23/23 Testing: test_json_pointer
23/23 Test: test_json_pointer
Command: "/mnt/c/Users/C24Ameen.Khan/Documents/school/Sophomore Year/Fall21/CS210/final_project/json-c/tests/test_json_pointer.test"
Directory: /mnt/c/Users/C24Ameen.Khan/Documents/school/Sophomore Year/Fall21/CS210/final_project/json-c-build/tests
"test_json_pointer" start time: Nov 08 09:01 MST
Output:
----------------------------------------------------------
/mnt/c/Users/C24Ameen.Khan/Documents/school/Sophomore Year/Fall21/CS210/final_project/json-c/tests/test_json_pointer.test: 13: test: /mnt/c/Users/C24Ameen.Khan/Documents/school/Sophomore: unexpected operator
<end of output>
Test time =   1.92 sec
----------------------------------------------------------
Test Passed.
"test_json_pointer" end time: Nov 08 09:01 MST
"test_json_pointer" time elapsed: 00:00:01
----------------------------------------------------------

End testing: Nov 08 09:01 MST
